Build started 11/13/2015 9:45:58 PM.
     1>Project "C:\Users\Jordan\Box Sync\Default Sync Folder\Programming\CSE 335\CanadianExperience\Testing\Testing.vcxproj" on node 2 (Build target(s)).
     1>Link:
         C:\Program Files (x86)\Microsoft Visual Studio 12.0\VC\bin\link.exe /ERRORREPORT:PROMPT /OUT:"C:\Users\Jordan\Box Sync\Default Sync Folder\Programming\CSE 335\CanadianExperience\Debug\Testing.dll" /INCREMENTAL /NOLOGO /LIBPATH:"C:\Program Files (x86)\Microsoft Visual Studio 12.0\VC\UnitTest\lib" StdAfx PictureObserver Picture Actor Drawable PolyDrawable ImageDrawable RotatedBitmap Timeline AnimChannel AnimChannelAngle AnimChannelPoint XmlNode /MANIFEST /MANIFESTUAC:"level='asInvoker' uiAccess='false'" /manifest:embed /manifestinput:"C:\Program Files (x86)\Microsoft Visual Studio 12.0\VC\Include\Manifest\dpiaware.manifest" /DEBUG /PDB:"C:\Users\Jordan\Box Sync\Default Sync Folder\Programming\CSE 335\CanadianExperience\Debug\Testing.pdb" /SUBSYSTEM:WINDOWS /TLBID:1 /DYNAMICBASE /NXCOMPAT /IMPLIB:"C:\Users\Jordan\Box Sync\Default Sync Folder\Programming\CSE 335\CanadianExperience\Debug\Testing.lib" /MACHINE:X86 /DLL Debug\CActorTest.obj
         Debug\CDrawableTest.obj
         Debug\CImageDrawableTest.obj
         Debug\CPictureObserverTest.obj
         Debug\CPictureTest.obj
         Debug\CPolyDrawableTest.obj
         Debug\CTimelineTest.obj
         Debug\EmptyTest.obj
         Debug\stdafx.obj
         Debug\initialize.obj
            Creating library C:\Users\Jordan\Box Sync\Default Sync Folder\Programming\CSE 335\CanadianExperience\Debug\Testing.lib and object C:\Users\Jordan\Box Sync\Default Sync Folder\Programming\CSE 335\CanadianExperience\Debug\Testing.exp
     1>ImageDrawable.obj : error LNK2019: unresolved external symbol "public: void __thiscall CRotatedBitmap::LoadImageW(class std::basic_string<wchar_t,struct std::char_traits<wchar_t>,class std::allocator<wchar_t> > const &)" (?LoadImageW@CRotatedBitmap@@QAEXABV?$basic_string@_WU?$char_traits@_W@std@@V?$allocator@_W@2@@std@@@Z) referenced in function "public: __thiscall CImageDrawable::CImageDrawable(class std::basic_string<wchar_t,struct std::char_traits<wchar_t>,class std::allocator<wchar_t> > const &,class std::basic_string<wchar_t,struct std::char_traits<wchar_t>,class std::allocator<wchar_t> > const &)" (??0CImageDrawable@@QAE@ABV?$basic_string@_WU?$char_traits@_W@std@@V?$allocator@_W@2@@std@@0@Z)
     1>ImageDrawable.obj : error LNK2019: unresolved external symbol "public: void __thiscall CRotatedBitmap::DrawImage(class Gdiplus::Graphics *,class Gdiplus::Point,double)" (?DrawImage@CRotatedBitmap@@QAEXPAVGraphics@Gdiplus@@VPoint@3@N@Z) referenced in function "public: virtual void __thiscall CImageDrawable::Draw(class Gdiplus::Graphics *)" (?Draw@CImageDrawable@@UAEXPAVGraphics@Gdiplus@@@Z)
     1>C:\Users\Jordan\Box Sync\Default Sync Folder\Programming\CSE 335\CanadianExperience\Debug\Testing.dll : fatal error LNK1120: 2 unresolved externals
     1>Done Building Project "C:\Users\Jordan\Box Sync\Default Sync Folder\Programming\CSE 335\CanadianExperience\Testing\Testing.vcxproj" (Build target(s)) -- FAILED.

Build FAILED.

Time Elapsed 00:00:00.32
